0 info it worked if it ends with ok
1 verbose cli [ '/usr/local/bin/node',
1 verbose cli   '/usr/local/bin/npm',
1 verbose cli   'install',
1 verbose cli   'websocket-server' ]
2 info using npm@2.5.1
3 info using node@v0.12.0
4 verbose config Skipping project config: /Users/barretlee/.npmrc. (matches userconfig)
5 silly cache add args [ 'websocket-server', null ]
6 verbose cache add spec websocket-server
7 silly cache add parsed spec { raw: 'websocket-server',
7 silly cache add   scope: null,
7 silly cache add   name: 'websocket-server',
7 silly cache add   rawSpec: '',
7 silly cache add   spec: '*',
7 silly cache add   type: 'range' }
8 verbose addNamed websocket-server@*
9 silly addNamed semver.valid null
10 silly addNamed semver.validRange *
11 silly addNameRange { name: 'websocket-server', range: '*', hasData: false }
12 silly mapToRegistry name websocket-server
13 silly mapToRegistry using default registry
14 silly mapToRegistry registry https://registry.npmjs.org/
15 silly mapToRegistry uri https://registry.npmjs.org/websocket-server
16 verbose addNameRange registry:https://registry.npmjs.org/websocket-server not in flight; fetching
17 verbose request uri https://registry.npmjs.org/websocket-server
18 verbose request no auth needed
19 info attempt registry request try #1 at 19:59:20
20 verbose request id 913619f9a66e796e
21 http request GET https://registry.npmjs.org/websocket-server
22 http 404 https://registry.npmjs.org/websocket-server
23 verbose headers { server: 'CouchDB/1.5.0 (Erlang OTP/R16B03)',
23 verbose headers   etag: '"F381D8VP24EBC298S1SXDCCP9"',
23 verbose headers   'content-type': 'application/json',
23 verbose headers   'cache-control': 'max-age=0',
23 verbose headers   'content-length': '1689',
23 verbose headers   'accept-ranges': 'bytes',
23 verbose headers   date: 'Tue, 02 Jun 2015 11:59:31 GMT',
23 verbose headers   via: '1.1 varnish',
23 verbose headers   age: '0',
23 verbose headers   connection: 'keep-alive',
23 verbose headers   'x-served-by': 'cache-sjc3132-SJC',
23 verbose headers   'x-cache': 'MISS',
23 verbose headers   'x-cache-hits': '0',
23 verbose headers   'x-timer': 'S1433246371.251528,VS0,VE92',
23 verbose headers   vary: 'Accept' }
24 silly get cb [ 404,
24 silly get   { server: 'CouchDB/1.5.0 (Erlang OTP/R16B03)',
24 silly get     etag: '"F381D8VP24EBC298S1SXDCCP9"',
24 silly get     'content-type': 'application/json',
24 silly get     'cache-control': 'max-age=0',
24 silly get     'content-length': '1689',
24 silly get     'accept-ranges': 'bytes',
24 silly get     date: 'Tue, 02 Jun 2015 11:59:31 GMT',
24 silly get     via: '1.1 varnish',
24 silly get     age: '0',
24 silly get     connection: 'keep-alive',
24 silly get     'x-served-by': 'cache-sjc3132-SJC',
24 silly get     'x-cache': 'MISS',
24 silly get     'x-cache-hits': '0',
24 silly get     'x-timer': 'S1433246371.251528,VS0,VE92',
24 silly get     vary: 'Accept' } ]
25 verbose stack Error: Registry returned 404 for GET on https://registry.npmjs.org/websocket-server
25 verbose stack     at CachingRegistryClient.<anonymous> (/usr/local/lib/node_modules/npm/node_modules/npm-registry-client/lib/request.js:244:14)
25 verbose stack     at Request._callback (/usr/local/lib/node_modules/npm/node_modules/npm-registry-client/lib/request.js:178:14)
25 verbose stack     at Request.self.callback (/usr/local/lib/node_modules/npm/node_modules/request/request.js:344:22)
25 verbose stack     at Request.emit (events.js:110:17)
25 verbose stack     at Request.<anonymous> (/usr/local/lib/node_modules/npm/node_modules/request/request.js:1239:14)
25 verbose stack     at Request.emit (events.js:129:20)
25 verbose stack     at IncomingMessage.<anonymous> (/usr/local/lib/node_modules/npm/node_modules/request/request.js:1187:12)
25 verbose stack     at IncomingMessage.emit (events.js:129:20)
25 verbose stack     at _stream_readable.js:908:16
25 verbose stack     at process._tickCallback (node.js:355:11)
26 verbose statusCode 404
27 verbose pkgid websocket-server
28 verbose cwd /Users/barretlee/艺璇/Node-KOA/websocket
29 error Darwin 14.1.0
30 error argv "/usr/local/bin/node" "/usr/local/bin/npm" "install" "websocket-server"
31 error node v0.12.0
32 error npm  v2.5.1
33 error code E404
34 error 404 Registry returned 404 for GET on https://registry.npmjs.org/websocket-server
34 error 404
34 error 404 'websocket-server' is not in the npm registry.
34 error 404 You should bug the author to publish it (or use the name yourself!)
34 error 404
34 error 404 Note that you can also install from a
34 error 404 tarball, folder, http url, or git url.
35 verbose exit [ 1, true ]
